<?xml version="1.0" encoding="utf-8"?><testsuites name="pytest tests"><testsuite name="pytest" errors="0" failures="0" skipped="0" tests="16" time="3.292" timestamp="2026-03-27T00:35:15.903661+00:00" hostname="agent-env-b8ba39e9-8574-4cf7-8644-243f52a5af41"><testcase classname="backend.tests.test_sanity_comments.TestSanityProxyEndpoints" name="test_get_articles_by_language" time="0.423" /><testcase classname="backend.tests.test_sanity_comments.TestSanityProxyEndpoints" name="test_get_all_articles" time="0.280" /><testcase classname="backend.tests.test_sanity_comments.TestSanityProxyEndpoints" name="test_get_single_article_by_slug" time="0.593" /><testcase classname="backend.tests.test_sanity_comments.TestSanityProxyEndpoints" name="test_get_nonexistent_article" time="0.295" /><testcase classname="backend.tests.test_sanity_comments.TestCommentsEndpoints" name="test_get_comments_empty" time="0.131" /><testcase classname="backend.tests.test_sanity_comments.TestCommentsEndpoints" name="test_create_comment_paid_role" time="0.141" /><testcase classname="backend.tests.test_sanity_comments.TestCommentsEndpoints" name="test_create_comment_subscriber_role" time="0.112" /><testcase classname="backend.tests.test_sanity_comments.TestCommentsEndpoints" name="test_create_comment_contributor_role" time="0.129" /><testcase classname="backend.tests.test_sanity_comments.TestCommentsEndpoints" name="test_create_comment_editor_role" time="0.105" /><testcase classname="backend.tests.test_sanity_comments.TestCommentsEndpoints" name="test_create_comment_admin_role" time="0.175" /><testcase classname="backend.tests.test_sanity_comments.TestCommentsEndpoints" name="test_create_comment_free_role_rejected" time="0.105" /><testcase classname="backend.tests.test_sanity_comments.TestCommentsEndpoints" name="test_create_comment_guest_role_rejected" time="0.126" /><testcase classname="backend.tests.test_sanity_comments.TestCommentsEndpoints" name="test_create_comment_empty_content_rejected" time="0.127" /><testcase classname="backend.tests.test_sanity_comments.TestCommentsEndpoints" name="test_create_comment_whitespace_only_rejected" time="0.106" /><testcase classname="backend.tests.test_sanity_comments.TestCommentsEndpoints" name="test_get_comments_after_creation" time="0.265" /><testcase classname="backend.tests.test_sanity_comments.TestHealthEndpoints" name="test_root_endpoint" time="0.107" /></testsuite></testsuites>