<?xml version="1.0" encoding="utf-8"?><testsuites name="pytest tests"><testsuite name="pytest" errors="0" failures="0" skipped="0" tests="11" time="8.655" timestamp="2026-03-13T21:11:51.345160+00:00" hostname="agent-env-8b329288-1d8a-4776-8e2f-f1571341a118"><testcase classname="tests.test_api.TestHealthEndpoints" name="test_root_endpoint" time="0.213" /><testcase classname="tests.test_api.TestHealthEndpoints" name="test_status_create" time="0.185" /><testcase classname="tests.test_api.TestHealthEndpoints" name="test_status_list" time="0.157" /><testcase classname="tests.test_api.TestPaymentEndpoints" name="test_get_subscription_plans" time="0.109" /><testcase classname="tests.test_api.TestPaymentEndpoints" name="test_create_checkout_session_standard" time="0.657" /><testcase classname="tests.test_api.TestPaymentEndpoints" name="test_create_checkout_session_premium" time="0.537" /><testcase classname="tests.test_api.TestPaymentEndpoints" name="test_checkout_invalid_plan" time="0.109" /><testcase classname="tests.test_api.TestPaymentEndpoints" name="test_get_payment_status" time="0.826" /><testcase classname="tests.test_api.TestVoiceBotEndpoint" name="test_voicebot_chat_basic" time="2.864" /><testcase classname="tests.test_api.TestVoiceBotEndpoint" name="test_voicebot_chat_with_article_context" time="2.804" /><testcase classname="tests.test_api.TestAdminEndpoints" name="test_admin_password_change_missing_supabase" time="0.129" /></testsuite></testsuites>