<?xml version="1.0" encoding="utf-8"?><testsuites name="pytest tests"><testsuite name="pytest" errors="0" failures="0" skipped="0" tests="10" time="3.147" timestamp="2026-03-27T00:48:03.270211+00:00" hostname="agent-env-b8ba39e9-8574-4cf7-8644-243f52a5af41"><testcase classname="backend.tests.test_auth_jwt.TestAuthSignup" name="test_signup_success" time="0.447" /><testcase classname="backend.tests.test_auth_jwt.TestAuthSignup" name="test_signup_duplicate_email" time="0.180" /><testcase classname="backend.tests.test_auth_jwt.TestAuthLogin" name="test_login_success_admin" time="0.365" /><testcase classname="backend.tests.test_auth_jwt.TestAuthLogin" name="test_login_wrong_password" time="0.334" /><testcase classname="backend.tests.test_auth_jwt.TestAuthLogin" name="test_login_nonexistent_user" time="0.132" /><testcase classname="backend.tests.test_auth_jwt.TestAuthMe" name="test_me_with_valid_token" time="0.491" /><testcase classname="backend.tests.test_auth_jwt.TestAuthMe" name="test_me_without_token" time="0.107" /><testcase classname="backend.tests.test_auth_jwt.TestAuthMe" name="test_me_with_invalid_token" time="0.152" /><testcase classname="backend.tests.test_auth_jwt.TestCommentsWithAuth" name="test_admin_can_post_comment" time="0.451" /><testcase classname="backend.tests.test_auth_jwt.TestCommentsWithAuth" name="test_free_user_cannot_post_comment" time="0.424" /></testsuite></testsuites>